<?xml version="1.0" encoding="UTF-8"?>
<!-- Generated by org.testng.reporters.JUnitReportReporter -->
<testsuite skipped="0" hostname="lap0002960" name="com.APIBasic.Basic" tests="2" failures="0" timestamp="17 Dec 2019 05:25:16 GMT" time="3.197" errors="0">
  <testcase name="placeSearchApi" time="1.401" classname="com.APIBasic.Basic"/>
  <testcase name="AddAndDeleteApi" time="1.796" classname="com.APIBasic.Basic"/>
</testsuite> <!-- com.APIBasic.Basic -->
