<?xml version="1.0" encoding="UTF-8"?>
<!-- Generated by org.testng.reporters.JUnitReportReporter -->
<testsuite skipped="0" name="com.LibraryApI.DynamicJson" tests="3" failures="0" timestamp="29 Dec 2019 05:57:33 GMT" time="2.587" errors="0">
  <testcase name="AddBook" time="1.921" classname="com.LibraryApI.DynamicJson"/>
  <testcase name="AddBook" time="0.342" classname="com.LibraryApI.DynamicJson"/>
  <testcase name="AddBook" time="0.324" classname="com.LibraryApI.DynamicJson"/>
</testsuite> <!-- com.LibraryApI.DynamicJson -->
