<?xml version="1.0" encoding="UTF-8"?>
<!-- Generated by org.testng.reporters.JUnitReportReporter -->
<testsuite skipped="0" hostname="lap0002960" name="com.APIBasic.basics2" tests="1" failures="0" timestamp="16 Dec 2019 11:45:27 GMT" time="1.757" errors="0">
  <testcase name="test" time="1.757" classname="com.APIBasic.basics2"/>
</testsuite> <!-- com.APIBasic.basics2 -->
