<?xml version="1.0" encoding="UTF-8"?>
<!-- Generated by org.testng.reporters.JUnitReportReporter -->
<testsuite skipped="0" name="com.LibraryApI.AddBook" tests="1" failures="0" timestamp="29 Dec 2019 07:50:02 GMT" time="2.794" errors="0">
  <testcase name="addBook" time="2.794" classname="com.LibraryApI.AddBook"/>
</testsuite> <!-- com.LibraryApI.AddBook -->
