<?xml version="1.0" encoding="UTF-8"?>
<!-- Generated by org.testng.reporters.JUnitReportReporter -->
<testsuite skipped="0" hostname="lap0002960" name="com.APIBasic.placeSearchApi" tests="1" failures="0" timestamp="17 Dec 2019 06:19:46 GMT" time="3.042" errors="0">
  <testcase name="getAllCityName" time="3.042" classname="com.APIBasic.placeSearchApi"/>
</testsuite> <!-- com.APIBasic.placeSearchApi -->
